19:17:15.204 [main] INFO  org.testng.internal.Utils - [TestNG] Running:
  C:\Users\RAMESH RONGALA\eclipse-workspace\Opencart121\master.xml

19:17:29.017 [main] INFO  testCases.TC001_AccountRegistration - ***** Started TC001_AccountRegistration ******
19:17:29.105 [main] INFO  testCases.TC001_AccountRegistration - Clicked on MyAccountLink
19:17:29.275 [main] INFO  testCases.TC001_AccountRegistration - Clicked on Register button
19:17:29.939 [main] INFO  testCases.TC001_AccountRegistration - Providing Customer Details
19:17:47.600 [main] ERROR testCases.TC001_AccountRegistration - error Logs
19:21:31.506 [main] INFO  org.testng.internal.Utils - [TestNG] Running:
  C:\Users\RAMESH RONGALA\eclipse-workspace\Opencart121\master.xml

19:22:22.328 [main] INFO  testCases.TC001_AccountRegistration - ***** Started TC001_AccountRegistration ******
19:22:22.480 [main] INFO  testCases.TC001_AccountRegistration - Clicked on MyAccountLink
19:22:22.911 [main] INFO  testCases.TC001_AccountRegistration - Clicked on Register button
19:22:24.500 [main] INFO  testCases.TC001_AccountRegistration - Providing Customer Details
19:22:27.141 [main] INFO  testCases.TC001_AccountRegistration - Validating Expected message
19:26:55.321 [main] INFO  org.testng.internal.Utils - [TestNG] Running:
  C:\Users\RAMESH RONGALA\eclipse-workspace\Opencart121\crossbrowser.xml

19:27:02.592 [TestNG-tests-1] INFO  testCases.TC001_AccountRegistration - ***** Started TC001_AccountRegistration ******
19:27:02.688 [TestNG-tests-1] INFO  testCases.TC001_AccountRegistration - Clicked on MyAccountLink
19:27:03.049 [TestNG-tests-1] INFO  testCases.TC001_AccountRegistration - Clicked on Register button
19:27:03.701 [TestNG-tests-1] INFO  testCases.TC001_AccountRegistration - Providing Customer Details
19:27:06.288 [TestNG-tests-1] INFO  testCases.TC001_AccountRegistration - Validating Expected message
19:27:16.424 [TestNG-tests-2] INFO  testCases.TC001_AccountRegistration - ***** Started TC001_AccountRegistration ******
19:27:16.437 [TestNG-tests-2] INFO  testCases.TC001_AccountRegistration - Clicked on MyAccountLink
19:27:16.776 [TestNG-tests-2] INFO  testCases.TC001_AccountRegistration - Clicked on Register button
19:27:17.343 [TestNG-tests-2] INFO  testCases.TC001_AccountRegistration - Providing Customer Details
19:27:18.880 [TestNG-tests-2] INFO  testCases.TC001_AccountRegistration - Validating Expected message
19:30:33.857 [main] INFO  org.testng.internal.Utils - [TestNG] Running:
  C:\Users\RAMESH RONGALA\eclipse-workspace\Opencart121\crossbrowser.xml

19:30:41.113 [TestNG-tests-1] INFO  testCases.TC001_AccountRegistration - ***** Started TC001_AccountRegistration ******
19:30:41.210 [TestNG-tests-1] INFO  testCases.TC001_AccountRegistration - Clicked on MyAccountLink
19:30:41.461 [TestNG-tests-1] INFO  testCases.TC001_AccountRegistration - Clicked on Register button
19:30:42.010 [TestNG-tests-1] INFO  testCases.TC001_AccountRegistration - Providing Customer Details
19:30:44.186 [TestNG-tests-1] INFO  testCases.TC001_AccountRegistration - Validating Expected message
19:30:48.720 [TestNG-tests-2] INFO  testCases.TC001_AccountRegistration - ***** Started TC001_AccountRegistration ******
19:30:48.748 [TestNG-tests-2] INFO  testCases.TC001_AccountRegistration - Clicked on MyAccountLink
19:30:49.025 [TestNG-tests-2] INFO  testCases.TC001_AccountRegistration - Clicked on Register button
19:30:49.649 [TestNG-tests-2] INFO  testCases.TC001_AccountRegistration - Providing Customer Details
19:30:49.835 [TestNG-tests-3] INFO  testCases.TC001_AccountRegistration - ***** Started TC001_AccountRegistration ******
19:30:49.853 [TestNG-tests-3] INFO  testCases.TC001_AccountRegistration - Clicked on MyAccountLink
19:30:50.318 [TestNG-tests-3] INFO  testCases.TC001_AccountRegistration - Clicked on Register button
19:30:51.065 [TestNG-tests-3] INFO  testCases.TC001_AccountRegistration - Providing Customer Details
19:30:52.400 [TestNG-tests-2] INFO  testCases.TC001_AccountRegistration - Validating Expected message
19:30:52.812 [TestNG-tests-3] INFO  testCases.TC001_AccountRegistration - Validating Expected message
19:58:03.773 [main] INFO  org.testng.internal.Utils - [TestNG] Running:
  C:\Users\RAMESH RONGALA\eclipse-workspace\Opencart121\master.xml

19:58:09.192 [main] INFO  testCases.TC001_AccountRegistration - ***** Started TC001_AccountRegistration ******
19:58:09.247 [main] INFO  testCases.TC001_AccountRegistration - Clicked on MyAccountLink
19:58:09.469 [main] INFO  testCases.TC001_AccountRegistration - Clicked on Register button
19:58:09.990 [main] INFO  testCases.TC001_AccountRegistration - Providing Customer Details
19:58:12.770 [main] INFO  testCases.TC001_AccountRegistration - Validating Expected message
11:38:27.464 [main] INFO  org.testng.internal.Utils - [TestNG] Running:
  C:\Users\RAMESH RONGALA\eclipse-workspace\Opencart121\master.xml

11:38:39.614 [main] INFO  testCases.TC002_LoginTestCase - **** TC002_LoginTestCase started *****
